<?xml version="1.0" encoding="UTF-8"?>
<!-- Generated by org.testng.reporters.JUnitReportReporter -->
<testsuite hostname="WLPT764" name="restAPIAutomation.RestAPI.TempO" tests="1" failures="0" timestamp="15 Oct 2018 06:31:19 GMT" time="0.018" errors="0">
  <testcase name="test" time="0.018" classname="restAPIAutomation.RestAPI.TempO"/>
</testsuite> <!-- restAPIAutomation.RestAPI.TempO -->
