<?xml version="1.0" encoding="UTF-8"?>
<!-- Generated by org.testng.reporters.JUnitReportReporter -->
<testsuite hostname="WLPT764" name="restAPIAutomation.RestAPI.CompleteAPI" tests="1" failures="0" timestamp="15 Oct 2018 09:23:53 GMT" time="4.159" errors="0">
  <testcase name="ChargeUser" time="4.159" classname="restAPIAutomation.RestAPI.CompleteAPI"/>
</testsuite> <!-- restAPIAutomation.RestAPI.CompleteAPI -->
