<?xml version="1.0" encoding="UTF-8"?>
<!-- Generated by org.testng.reporters.JUnitReportReporter -->
<testsuite hostname="WLPT764" name="restAPIAutomation.RestAPI.TestBase" tests="3" failures="0" timestamp="16 Oct 2018 09:36:35 GMT" time="9.092" errors="0">
  <testcase name="apiMethod" time="5.624" classname="restAPIAutomation.RestAPI.TestBase"/>
  <testcase name="apiMethod" time="0.691" classname="restAPIAutomation.RestAPI.TestBase"/>
  <testcase name="apiMethod" time="2.777" classname="restAPIAutomation.RestAPI.TestBase"/>
</testsuite> <!-- restAPIAutomation.RestAPI.TestBase -->
